[14:12:11] [modloading-worker-0/INFO] ========================================
[14:12:11] [modloading-worker-0/INFO] Minecraft: 1.21.1
[14:12:11] [modloading-worker-0/INFO] Side: server
[14:12:11] [modloading-worker-0/INFO] Development: false
[14:12:11] [modloading-worker-0/INFO] Version: 16.0.788
[14:12:11] [modloading-worker-0/INFO] Loader:
[14:12:11] [modloading-worker-0/INFO] - Forge: null
[14:12:11] [modloading-worker-0/INFO] Dependencies:
[14:12:11] [modloading-worker-0/INFO] - Cloth Config: 15.0.140
[14:12:11] [modloading-worker-0/INFO] - Architectury: 13.0.8
[14:12:11] [modloading-worker-0/INFO] Mixin: 0.8.7
[14:12:11] [modloading-worker-0/INFO] OS: Linux 6.13.7-orbstack-00283-g9d1400e7e9c6 (aarch64)
[14:12:11] [modloading-worker-0/INFO] Java: 21.0.6 (Eclipse Adoptium)
[14:12:11] [modloading-worker-0/INFO] ========================================
[14:12:11] [modloading-worker-0/INFO] Mods:
[14:12:11] [modloading-worker-0/INFO] - addonslib: 1.21.1-1.1
[14:12:11] [modloading-worker-0/INFO] - ae2: 19.2.2-beta
[14:12:11] [modloading-worker-0/INFO] - ae2wtlib: 19.2.1
[14:12:11] [modloading-worker-0/INFO] - ae2wtlib_api: 19.2.1
[14:12:11] [modloading-worker-0/INFO] - almanac: 1.0.2
[14:12:11] [modloading-worker-0/INFO] - amendments: 1.21-1.2.22
[14:12:11] [modloading-worker-0/INFO] - amplified_nether: 1.2.7
[14:12:11] [modloading-worker-0/INFO] - animal_feeding_trough: 1.1.2
[14:12:11] [modloading-worker-0/INFO] - appliedenergisticsdelight: 1.0.2.6-1.21.x
[14:12:11] [modloading-worker-0/INFO] - architectury: 13.0.8
[14:12:11] [modloading-worker-0/INFO] - badpackets: 0.8.2
[14:12:11] [modloading-worker-0/INFO] - balm: 21.0.23
[14:12:11] [modloading-worker-0/INFO] - barbequesdelight: 1.2.0+3
[14:12:11] [modloading-worker-0/INFO] - betterarcheology: 1.3.1
[14:12:11] [modloading-worker-0/INFO] - betterdays: 3.1.1.1
[14:12:11] [modloading-worker-0/INFO] - betterdeserttemples: 1.21.1-NeoForge-4.1.3
[14:12:11] [modloading-worker-0/INFO] - betterdungeons: 1.21.1-NeoForge-5.1.4
[14:12:11] [modloading-worker-0/INFO] - betterendisland: 1.21.1-NeoForge-3.1.1
[14:12:11] [modloading-worker-0/INFO] - betterfortresses: 1.21.1-NeoForge-3.1.3
[14:12:11] [modloading-worker-0/INFO] - betterjungletemples: 1.21.1-NeoForge-3.1.2
[14:12:11] [modloading-worker-0/INFO] - bettermineshafts: 1.21.1-NeoForge-5.1.1
[14:12:11] [modloading-worker-0/INFO] - betteroceanmonuments: 1.21.1-NeoForge-4.1.2
[14:12:11] [modloading-worker-0/INFO] - betterstrongholds: 1.21.1-NeoForge-5.1.2
[14:12:11] [modloading-worker-0/INFO] - betterwitchhuts: 1.21.1-NeoForge-4.1.1
[14:12:11] [modloading-worker-0/INFO] - biomesoplenty: 21.1.0.7
[14:12:11] [modloading-worker-0/INFO] - blockui: 1.0.195-1.21.1-snapshot
[14:12:11] [modloading-worker-0/INFO] - clientsort: 1.2.0-beta.1+1.21
[14:12:11] [modloading-worker-0/INFO] - cloth_config: 15.0.140
[14:12:11] [modloading-worker-0/INFO] - commonnetworking: 1.0.18-1.21.1
[14:12:11] [modloading-worker-0/INFO] - connectedglass: 1.1.12
[14:12:11] [modloading-worker-0/INFO] - corn_delight: 1.1.4-1.21.1
[14:12:11] [modloading-worker-0/INFO] - coroutil: 1.21.0-1.3.8
[14:12:11] [modloading-worker-0/INFO] - cratedelight: 24.11.22-1.21-neoforge
[14:12:11] [modloading-worker-0/INFO] - creativecore: 2.12.31
[14:12:11] [modloading-worker-0/INFO] - cristellib: 1.2.8
[14:12:11] [modloading-worker-0/INFO] - cuisinedelight: 1.2.3
[14:12:11] [modloading-worker-0/INFO] - culturaldelights: 0.17.2
[14:12:11] [modloading-worker-0/INFO] - distanthorizons: 2.2.1-a
[14:12:11] [modloading-worker-0/INFO] - domum_ornamentum: 1.0.204-1.21.1-snapshot
[14:12:11] [modloading-worker-0/INFO] - dumplings_delight: 1.2.1
[14:12:11] [modloading-worker-0/INFO] - dungeondelight: 1.0.2.3-1.21.x
[14:12:11] [modloading-worker-0/INFO] - e4mc_minecraft: 5.2.1
[14:12:11] [modloading-worker-0/INFO] - easymagic: 21.1.0
[14:12:11] [modloading-worker-0/INFO] - eggdelight: 1.2
[14:12:11] [modloading-worker-0/INFO] - endersdelight: 1.0.1
[14:12:11] [modloading-worker-0/INFO] - expandeddelight: 0.1.3.1
[14:12:11] [modloading-worker-0/INFO] - explorify: 1.6.2
[14:12:11] [modloading-worker-0/INFO] - fabric_api_base: 0.4.42+d1308ded19
[14:12:11] [modloading-worker-0/INFO] - farmersdelight: 1.2.7
[14:12:11] [modloading-worker-0/INFO] - ferritecore: 7.0.2
[14:12:11] [modloading-worker-0/INFO] - freecam: 1.3.0+mc1.21
[14:12:11] [modloading-worker-0/INFO] - frightsdelight: 1.2.2
[14:12:11] [modloading-worker-0/INFO] - fruitsdelight: 1.2.3
[14:12:11] [modloading-worker-0/INFO] - fusion: 1.2.3
[14:12:11] [modloading-worker-0/INFO] - geophilic: 3.2
[14:12:11] [modloading-worker-0/INFO] - glitchcore: 2.1.0.0
[14:12:11] [modloading-worker-0/INFO] - golden_apple_tree: 1.0.0-1.21.1-NeoForge
[14:12:11] [modloading-worker-0/INFO] - gravestone: 1.21.1-1.0.24
[14:12:11] [modloading-worker-0/INFO] - guideme: 2.6.0
[14:12:11] [modloading-worker-0/INFO] - handcrafted: 4.0.2
[14:12:11] [modloading-worker-0/INFO] - immersivesnow: 1.4.0
[14:12:11] [modloading-worker-0/INFO] - incendium: 5.4.3
[14:12:11] [modloading-worker-0/INFO] - jamlib: 1.2.2-build.2+1.21.1
[14:12:11] [modloading-worker-0/INFO] - kiwi: 15.3.2+neoforge
[14:12:11] [modloading-worker-0/INFO] - kotlinforforge: 5.7.0
[14:12:11] [modloading-worker-0/INFO] - kuma_api: 21.0.5-SNAPSHOT
[14:12:11] [modloading-worker-0/INFO] - l2core: 3.0.8+1
[14:12:11] [modloading-worker-0/INFO] - leavesbegone: 21.1.0
[14:12:11] [modloading-worker-0/INFO] - letmedespawn: 1.4.4
[14:12:11] [modloading-worker-0/INFO] - lithium: 0.14.7+mc1.21.1
[14:12:11] [modloading-worker-0/INFO] - mcwbridges: 3.0.0
[14:12:11] [modloading-worker-0/INFO] - mcwdoors: 1.1.2
[14:12:11] [modloading-worker-0/INFO] - mcwfences: 1.1.2
[14:12:11] [modloading-worker-0/INFO] - mcwfurnitures: 3.3.0
[14:12:11] [modloading-worker-0/INFO] - mcwlights: 1.1.1
[14:12:11] [modloading-worker-0/INFO] - mcwpaths: 1.0.5
[14:12:11] [modloading-worker-0/INFO] - mcwroofs: 2.3.1
[14:12:11] [modloading-worker-0/INFO] - mcwstairs: 1.0.1
[14:12:11] [modloading-worker-0/INFO] - mcwtrpdoors: 1.1.4
[14:12:11] [modloading-worker-0/INFO] - mcwwindows: 2.3.2
[14:12:11] [modloading-worker-0/INFO] - mekanism: 10.7.8
[14:12:11] [modloading-worker-0/INFO] - mekanism_unleashed: 1.21-0.2.1
[14:12:11] [modloading-worker-0/INFO] - mekanismadditions: 10.7.8
[14:12:11] [modloading-worker-0/INFO] - mekanismdelight: 1.0.2.1-1.21.x
[14:12:11] [modloading-worker-0/INFO] - mekanismgenerators: 10.7.8
[14:12:11] [modloading-worker-0/INFO] - mekanismtools: 10.7.8
[14:12:11] [modloading-worker-0/INFO] - midnightlib: 1.6.3
[14:12:11] [modloading-worker-0/INFO] - minecolonies: 1.1.874-1.21.1-snapshot
[14:12:11] [modloading-worker-0/INFO] - minecraft: 1.21.1
[14:12:11] [modloading-worker-0/INFO] - modernfix: 5.20.2+mc1.21.1
[14:12:11] [modloading-worker-0/INFO] - moonlight: 1.21-2.17.21
[14:12:11] [modloading-worker-0/INFO] - moredelight: 25.01.13a-1.21-neoforge
[14:12:11] [modloading-worker-0/INFO] - mr_dungeons_andtaverns: 1-v4.4.4
[14:12:11] [modloading-worker-0/INFO] - multipiston: 1.2.51-1.21.1-snapshot
[14:12:11] [modloading-worker-0/INFO] - mvs: 4.2.8-1.21
[14:12:11] [modloading-worker-0/INFO] - mynethersdelight: 1.7.8
[14:12:11] [modloading-worker-0/INFO] - mysterious_mountain_lib: 1.1.8-1.21.1
[14:12:11] [modloading-worker-0/INFO] - neoforge: 21.1.115
[14:12:11] [modloading-worker-0/INFO] - neruina: 2.2.8
[14:12:11] [modloading-worker-0/INFO] - notenoughcrashes: 4.4.8+1.21.1
[14:12:11] [modloading-worker-0/INFO] - nullscape: 1.2.10
[14:12:11] [modloading-worker-0/INFO] - nyfsspiders: 2.3.2
[14:12:11] [modloading-worker-0/INFO] - octolib: 0.5.0.1
[14:12:11] [modloading-worker-0/INFO] - particlerain: 1.1.1
[14:12:11] [modloading-worker-0/INFO] - perception: 0.1.2.1
[14:12:11] [modloading-worker-0/INFO] - philipsruins: 2.0
[14:12:11] [modloading-worker-0/INFO] - pineapple_delight: 1.0.3-1.21.1-forge
[14:12:11] [modloading-worker-0/INFO] - puzzleslib: 21.1.27
[14:12:11] [modloading-worker-0/INFO] - resourcefulconfig: 3.0.9
[14:12:11] [modloading-worker-0/INFO] - resourcefullib: 3.0.11
[14:12:11] [modloading-worker-0/INFO] - resourcify: 1.7.0
[14:12:11] [modloading-worker-0/INFO] - rightclickharvest: 4.5.0+1.21.1
[14:12:11] [modloading-worker-0/INFO] - roughlyenoughitems: 16.0.788
[14:12:11] [modloading-worker-0/INFO] - rusticdelight: 1.3.2
[14:12:11] [modloading-worker-0/INFO] - sereneseasons: 10.1.0.1
[14:12:11] [modloading-worker-0/INFO] - sound_physics_remastered: 1.21.1-1.4.8
[14:12:11] [modloading-worker-0/INFO] - spectrelib: 0.17.2+1.21
[14:12:11] [modloading-worker-0/INFO] - storagedelight: 24.12.15-1.21-neoforge
[14:12:11] [modloading-worker-0/INFO] - structurize: 1.0.758-1.21.1-snapshot
[14:12:11] [modloading-worker-0/INFO] - supermartijn642corelib: 1.1.18+a
[14:12:11] [modloading-worker-0/INFO] - supplementaries: 1.21-3.0.35-beta
[14:12:11] [modloading-worker-0/INFO] - suppsquared: 1.21-1.2.3
[14:12:11] [modloading-worker-0/INFO] - t_and_t: 1.13.2
[14:12:11] [modloading-worker-0/INFO] - tectonic: 2.4.2
[14:12:11] [modloading-worker-0/INFO] - terrablender: 4.1.0.8
[14:12:11] [modloading-worker-0/INFO] - terralith: 2.5.8
[14:12:11] [modloading-worker-0/INFO] - tradedelight: 1.0.1-1.21.x
[14:12:11] [modloading-worker-0/INFO] - travelersbackpack: 10.1.13
[14:12:11] [modloading-worker-0/INFO] - ubesdelight: 0.3.2
[14:12:11] [modloading-worker-0/INFO] - vegandelight: 1.4.1
[14:12:11] [modloading-worker-0/INFO] - watut: 1.21.0-1.1.4
[14:12:11] [modloading-worker-0/INFO] - waystones: 21.1.10
[14:12:11] [modloading-worker-0/INFO] - wildfire_gender: 3.2.2
[14:12:11] [modloading-worker-0/INFO] - xaerominimap: 25.0.0
[14:12:11] [modloading-worker-0/INFO] - xaeroworldmap: 1.39.2
[14:12:11] [modloading-worker-0/INFO] - yungsapi: 1.21.1-NeoForge-5.1.3
[14:12:11] [modloading-worker-0/INFO] - yungsextras: 1.21.1-NeoForge-5.1.1
[14:12:11] [modloading-worker-0/INFO] ========================================
[14:12:11] [modloading-worker-0/INFO] [REI] Registered plugin provider ServerREIPluginImpl [ubesdelight] for REIPlugin
[14:12:11] [modloading-worker-0/INFO] [REI] Registered plugin provider DefaultPluginImpl [roughlyenoughitems] for REIServerPlugin
[14:12:11] [modloading-worker-0/INFO] [REI] Registered plugin provider DefaultPluginImpl [roughlyenoughitems] for REIPlugin
[14:12:11] [modloading-worker-0/INFO] [REI] Registered plugin provider DefaultRuntimePlugin [roughlyenoughitems] for REIServerPlugin
[14:12:11] [modloading-worker-0/INFO] [REI] Registered plugin provider DefaultRuntimePlugin [roughlyenoughitems] for REIPlugin
[14:12:11] [modloading-worker-0/INFO] [REI] Registered plugin provider ServerREIPluginImpl [ubesdelight] for REIServerPlugin
